# JRE version: OpenJDK Runtime Environment (8.0_152-b01) (build 1.8.0_152-release-915-b01)
# Java VM: OpenJDK 64-Bit Server VM (25.152-b01 mixed mode linux-amd64 compressed oops)
Heap:
 PSYoungGen      total 497664K, used 158654K [0x00000000e0000000, 0x0000000100000000, 0x0000000100000000)
  eden space 471040K, 28% used [0x00000000e0000000,0x00000000e80f3b60,0x00000000fcc00000)
  from space 26624K, 99% used [0x00000000fcc00000,0x00000000fe5fc030,0x00000000fe600000)
  to   space 26624K, 0% used [0x00000000fe600000,0x00000000fe600000,0x0000000100000000)
 ParOldGen       total 86528K, used 41393K [0x00000000a0000000, 0x00000000a5480000, 0x00000000e0000000)
  object space 86528K, 47% used [0x00000000a0000000,0x00000000a286c708,0x00000000a5480000)
 Metaspace       used 66602K, capacity 69782K, committed 69976K, reserved 1110016K
  class space    used 8884K, capacity 9733K, committed 9856K, reserved 1048576K
GC Heap History (10 events):
Event: 76.685 GC heap before
{Heap before GC invocations=8 (full 2):
 PSYoungGen      total 262656K, used 8197K [0x00000000e0000000, 0x00000000f1200000, 0x0000000100000000)
  eden space 249856K, 0% used [0x00000000e0000000,0x00000000e0000000,0x00000000ef400000)
  from space 12800K, 64% used [0x00000000f0580000,0x00000000f0d817d8,0x00000000f1200000)
  to   space 15360K, 0% used [0x00000000ef400000,0x00000000ef400000,0x00000000f0300000)
 ParOldGen       total 47616K, used 16955K [0x00000000a0000000, 0x00000000a2e80000, 0x00000000e0000000)
  object space 47616K, 35% used [0x00000000a0000000,0x00000000a108ecb8,0x00000000a2e80000)
 Metaspace       used 34704K, capacity 35306K, committed 35416K, reserved 1079296K
  class space    used 4687K, capacity 4938K, committed 4992K, reserved 1048576K
Event: 76.799 GC heap after
Heap after GC invocations=8 (full 2):
 PSYoungGen      total 262656K, used 0K [0x00000000e0000000, 0x00000000f1200000, 0x0000000100000000)
  eden space 249856K, 0% used [0x00000000e0000000,0x00000000e0000000,0x00000000ef400000)
  from space 12800K, 0% used [0x00000000f0580000,0x00000000f0580000,0x00000000f1200000)
  to   space 15360K, 0% used [0x00000000ef400000,0x00000000ef400000,0x00000000f0300000)
 ParOldGen       total 68096K, used 22787K [0x00000000a0000000, 0x00000000a4280000, 0x00000000e0000000)
  object space 68096K, 33% used [0x00000000a0000000,0x00000000a1640e78,0x00000000a4280000)
 Metaspace       used 34651K, capacity 35242K, committed 35416K, reserved 1079296K
  class space    used 4670K, capacity 4918K, committed 4992K, reserved 1048576K
}
Event: 101.504 GC heap before
{Heap before GC invocations=9 (full 2):
 PSYoungGen      total 262656K, used 249856K [0x00000000e0000000, 0x00000000f1200000, 0x0000000100000000)
  eden space 249856K, 100% used [0x00000000e0000000,0x00000000ef400000,0x00000000ef400000)
  from space 12800K, 0% used [0x00000000f0580000,0x00000000f0580000,0x00000000f1200000)
  to   space 15360K, 0% used [0x00000000ef400000,0x00000000ef400000,0x00000000f0300000)
 ParOldGen       total 68096K, used 22787K [0x00000000a0000000, 0x00000000a4280000, 0x00000000e0000000)
  object space 68096K, 33% used [0x00000000a0000000,0x00000000a1640e78,0x00000000a4280000)
 Metaspace       used 53412K, capacity 54754K, committed 55000K, reserved 1097728K
  class space    used 7095K, capacity 7554K, committed 7680K, reserved 1048576K
Event: 101.541 GC heap after
Heap after GC invocations=9 (full 2):
 PSYoungGen      total 265216K, used 15341K [0x00000000e0000000, 0x0000000100000000, 0x0000000100000000)
  eden space 249856K, 0% used [0x00000000e0000000,0x00000000e0000000,0x00000000ef400000)
  from space 15360K, 99% used [0x00000000ef400000,0x00000000f02fb438,0x00000000f0300000)
  to   space 23040K, 0% used [0x00000000fe980000,0x00000000fe980000,0x0000000100000000)
 ParOldGen       total 68096K, used 32572K [0x00000000a0000000, 0x00000000a4280000, 0x00000000e0000000)
  object space 68096K, 47% used [0x00000000a0000000,0x00000000a1fcf018,0x00000000a4280000)
 Metaspace       used 53412K, capacity 54754K, committed 55000K, reserved 1097728K
  class space    used 7095K, capacity 7554K, committed 7680K, reserved 1048576K
}
Event: 105.979 GC heap before
{Heap before GC invocations=10 (full 2):
 PSYoungGen      total 265216K, used 145426K [0x00000000e0000000, 0x0000000100000000, 0x0000000100000000)
  eden space 249856K, 52% used [0x00000000e0000000,0x00000000e7f09448,0x00000000ef400000)
  from space 15360K, 99% used [0x00000000ef400000,0x00000000f02fb438,0x00000000f0300000)
  to   space 23040K, 0% used [0x00000000fe980000,0x00000000fe980000,0x0000000100000000)
 ParOldGen       total 68096K, used 32572K [0x00000000a0000000, 0x00000000a4280000, 0x00000000e0000000)
  object space 68096K, 47% used [0x00000000a0000000,0x00000000a1fcf018,0x00000000a4280000)
 Metaspace       used 57249K, capacity 59018K, committed 59028K, reserved 1099776K
  class space    used 7621K, capacity 8182K, committed 8192K, reserved 1048576K
Event: 106.022 GC heap after
Heap after GC invocations=10 (full 2):
 PSYoungGen      total 494080K, used 21972K [0x00000000e0000000, 0x0000000100000000, 0x0000000100000000)
  eden space 471040K, 0% used [0x00000000e0000000,0x00000000e0000000,0x00000000fcc00000)
  from space 23040K, 95% used [0x00000000fe980000,0x00000000ffef5290,0x0000000100000000)
  to   space 26624K, 0% used [0x00000000fcc00000,0x00000000fcc00000,0x00000000fe600000)
 ParOldGen       total 68096K, used 32580K [0x00000000a0000000, 0x00000000a4280000, 0x00000000e0000000)
  object space 68096K, 47% used [0x00000000a0000000,0x00000000a1fd1018,0x00000000a4280000)
 Metaspace       used 57249K, capacity 59018K, committed 59028K, reserved 1099776K
  class space    used 7621K, capacity 8182K, committed 8192K, reserved 1048576K
}
Event: 106.022 GC heap before
{Heap before GC invocations=11 (full 3):
 PSYoungGen      total 494080K, used 21972K [0x00000000e0000000, 0x0000000100000000, 0x0000000100000000)
  eden space 471040K, 0% used [0x00000000e0000000,0x00000000e0000000,0x00000000fcc00000)
  from space 23040K, 95% used [0x00000000fe980000,0x00000000ffef5290,0x0000000100000000)
  to   space 26624K, 0% used [0x00000000fcc00000,0x00000000fcc00000,0x00000000fe600000)
 ParOldGen       total 68096K, used 32580K [0x00000000a0000000, 0x00000000a4280000, 0x00000000e0000000)
  object space 68096K, 47% used [0x00000000a0000000,0x00000000a1fd1018,0x00000000a4280000)
 Metaspace       used 57249K, capacity 59018K, committed 59028K, reserved 1099776K
  class space    used 7621K, capacity 8182K, committed 8192K, reserved 1048576K
Event: 106.346 GC heap after
Heap after GC invocations=11 (full 3):
 PSYoungGen      total 494080K, used 0K [0x00000000e0000000, 0x0000000100000000, 0x0000000100000000)
  eden space 471040K, 0% used [0x00000000e0000000,0x00000000e0000000,0x00000000fcc00000)
  from space 23040K, 0% used [0x00000000fe980000,0x00000000fe980000,0x0000000100000000)
  to   space 26624K, 0% used [0x00000000fcc00000,0x00000000fcc00000,0x00000000fe600000)
 ParOldGen       total 86528K, used 35909K [0x00000000a0000000, 0x00000000a5480000, 0x00000000e0000000)
  object space 86528K, 41% used [0x00000000a0000000,0x00000000a23116b8,0x00000000a5480000)
 Metaspace       used 57212K, capacity 58898K, committed 59028K, reserved 1099776K
  class space    used 7610K, capacity 8142K, committed 8192K, reserved 1048576K
}
Event: 128.567 GC heap before
{Heap before GC invocations=12 (full 3):
 PSYoungGen      total 494080K, used 471040K [0x00000000e0000000, 0x0000000100000000, 0x0000000100000000)
  eden space 471040K, 100% used [0x00000000e0000000,0x00000000fcc00000,0x00000000fcc00000)
  from space 23040K, 0% used [0x00000000fe980000,0x00000000fe980000,0x0000000100000000)
  to   space 26624K, 0% used [0x00000000fcc00000,0x00000000fcc00000,0x00000000fe600000)
 ParOldGen       total 86528K, used 35909K [0x00000000a0000000, 0x00000000a5480000, 0x00000000e0000000)
  object space 86528K, 41% used [0x00000000a0000000,0x00000000a23116b8,0x00000000a5480000)
 Metaspace       used 63844K, capacity 66692K, committed 66776K, reserved 1105920K
  class space    used 8619K, capacity 9419K, committed 9472K, reserved 1048576K
Event: 128.632 GC heap after
Heap after GC invocations=12 (full 3):
 PSYoungGen      total 497664K, used 26608K [0x00000000e0000000, 0x0000000100000000, 0x0000000100000000)
  eden space 471040K, 0% used [0x00000000e0000000,0x00000000e0000000,0x00000000fcc00000)
  from space 26624K, 99% used [0x00000000fcc00000,0x00000000fe5fc030,0x00000000fe600000)
  to   space 26624K, 0% used [0x00000000fe600000,0x00000000fe600000,0x0000000100000000)
 ParOldGen       total 86528K, used 41393K [0x00000000a0000000, 0x00000000a5480000, 0x00000000e0000000)
  object space 86528K, 47% used [0x00000000a0000000,0x00000000a286c708,0x00000000a5480000)
 Metaspace       used 63844K, capacity 66692K, committed 66776K, reserved 1105920K
  class space    used 8619K, capacity 9419K, committed 9472K, reserved 1048576K
}

